  Using bundled DotNet SDK
  Log file: C:\Users\stasb\AppData\Local\UnrealBuildTool\Log.txt
  Using 'git status' to determine working set for adaptive non-unity build (C:\Work\UnrealEnPr\TGDUnreal).
  Building TechGDEditor...
  Using Visual Studio 2022 14.35.32215 toolchain (C:\Program Files\Microsoft Visual Studio\2022\Community\VC\Tools\MSVC\14.35.32215) and Windows 10.0.18362.0 SDK (C:\Program Files (x86)\Windows Kits\10).
  [Adaptive Build] Excluded from TechGD unity file: BaseAttributeSet.cpp, BaseGASCharacter.cpp
  Determining max actions to execute in parallel (6 physical cores, 6 logical cores)
    Executing up to 6 processes, one per physical core
    Requested 1,5 GB free memory per action, 7,65 GB available: limiting max parallel actions to 5
  Building 11 actions with 5 processes...
  [1/11] Compile TechGD.init.gen.cpp
  [2/11] Compile MyAssetManager.gen.cpp
  [3/11] Compile TechGD.cpp
  [4/11] Compile BaseAttributeSet.gen.cpp
  [5/11] Compile MyAssetManager.cpp
  [6/11] Compile BaseAttributeSet.cpp
  [7/11] Compile BaseGASCharacter.cpp
  [8/11] Compile BaseGASCharacter.gen.cpp
  [9/11] Link UnrealEditor-TechGD.lib
     Создается библиотека C:\Work\UnrealEnPr\TGDUnreal\TechGD\Intermediate\Build\Win64\UnrealEditor\Development\TechGD\UnrealEditor-TechGD.lib и объект C:\Work\UnrealEnPr\TGDUnreal\TechGD\Intermediate\Build\Win64\UnrealEditor\Development\TechGD\UnrealEditor-TechGD.exp
  [10/11] Link UnrealEditor-TechGD.dll
     Создается библиотека C:\Work\UnrealEnPr\TGDUnreal\TechGD\Intermediate\Build\Win64\UnrealEditor\Development\TechGD\UnrealEditor-TechGD.suppressed.lib и объект C:\Work\UnrealEnPr\TGDUnreal\TechGD\Intermediate\Build\Win64\UnrealEditor\Development\TechGD\UnrealEditor-TechGD.suppressed.exp
  [11/11] WriteMetadata TechGDEditor.target
  Total time in Parallel executor: 13,78 seconds
  Total execution time: 14,37 seconds
